This is pdfTeX, Version 3.141592653-2.6-1.40.25 (TeX Live 2023) (preloaded format=pdflatex 2026.3.1)  11 MAR 2026 15:36
entering extended mode
 restricted \write18 enabled.
 %&-line parsing enabled.
**anagrams.tex
(./anagrams.tex
LaTeX2e <2022-11-01> patch level 1
L3 programming layer <2023-02-22>
(/usr/share/texlive/texmf-dist/tex/latex/base/report.cls
Document Class: report 2022/07/02 v1.4n Standard LaTeX document class
(/usr/share/texlive/texmf-dist/tex/latex/base/size11.clo
File: size11.clo 2022/07/02 v1.4n Standard LaTeX file (size option)
)
\c@part=\count185
\c@chapter=\count186
\c@section=\count187
\c@subsection=\count188
\c@subsubsection=\count189
\c@paragraph=\count190
\c@subparagraph=\count191
\c@figure=\count192
\c@table=\count193
\abovecaptionskip=\skip48
\belowcaptionskip=\skip49
\bibindent=\dimen140
)
(/usr/share/texlive/texmf-dist/tex/latex/base/latexsym.sty
Package: latexsym 1998/08/17 v2.2e Standard LaTeX package (lasy symbols)
\symlasy=\mathgroup4
LaTeX Font Info:    Overwriting symbol font `lasy' in version `bold'
(Font)                  U/lasy/m/n --> U/lasy/b/n on input line 52.
)
(/usr/share/texlive/texmf-dist/tex/latex/graphics/graphics.sty
Package: graphics 2022/03/10 v1.4e Standard LaTeX Graphics (DPC,SPQR)

(/usr/share/texlive/texmf-dist/tex/latex/graphics/trig.sty
Package: trig 2021/08/11 v1.11 sin cos tan (DPC)
)
(/usr/share/texlive/texmf-dist/tex/latex/graphics-cfg/graphics.cfg
File: graphics.cfg 2016/06/04 v1.11 sample graphics configuration
)
Package graphics Info: Driver file: pdftex.def on input line 107.

(/usr/share/texlive/texmf-dist/tex/latex/graphics-def/pdftex.def
File: pdftex.def 2022/09/22 v1.2b Graphics/color driver for pdftex
))
(/usr/share/texlive/texmf-dist/tex/latex/amsfonts/amssymb.sty
Package: amssymb 2013/01/14 v3.01 AMS font symbols

(/usr/share/texlive/texmf-dist/tex/latex/amsfonts/amsfonts.sty
Package: amsfonts 2013/01/14 v3.01 Basic AMSFonts support
\@emptytoks=\toks16
\symAMSa=\mathgroup5
\symAMSb=\mathgroup6
LaTeX Font Info:    Redeclaring math symbol \hbar on input line 98.
LaTeX Font Info:    Overwriting math alphabet `\mathfrak' in version `bold'
(Font)                  U/euf/m/n --> U/euf/b/n on input line 106.
))
(/usr/share/texlive/texmf-dist/tex/latex/natbib/natbib.sty
Package: natbib 2010/09/13 8.31b (PWD, AO)
\bibhang=\skip50
\bibsep=\skip51
LaTeX Info: Redefining \cite on input line 694.
\c@NAT@ctr=\count194
)
(/usr/share/texlive/texmf-dist/tex/latex/listings/listings.sty
(/usr/share/texlive/texmf-dist/tex/latex/graphics/keyval.sty
Package: keyval 2022/05/29 v1.15 key=value parser (DPC)
\KV@toks@=\toks17
)
\lst@mode=\count195
\lst@gtempboxa=\box51
\lst@token=\toks18
\lst@length=\count196
\lst@currlwidth=\dimen141
\lst@column=\count197
\lst@pos=\count198
\lst@lostspace=\dimen142
\lst@width=\dimen143
\lst@newlines=\count199
\lst@lineno=\count266
\lst@maxwidth=\dimen144

(/usr/share/texlive/texmf-dist/tex/latex/listings/lstmisc.sty
File: lstmisc.sty 2023/02/27 1.9 (Carsten Heinz)
\c@lstnumber=\count267
\lst@skipnumbers=\count268
\lst@framebox=\box52
)
(/usr/share/texlive/texmf-dist/tex/latex/listings/listings.cfg
File: listings.cfg 2023/02/27 1.9 listings configuration
))
Package: listings 2023/02/27 1.9 (Carsten Heinz)

(/usr/share/texlive/texmf-dist/tex/latex/xcolor/xcolor.sty
Package: xcolor 2022/06/12 v2.14 LaTeX color extensions (UK)

(/usr/share/texlive/texmf-dist/tex/latex/graphics-cfg/color.cfg
File: color.cfg 2016/01/02 v1.6 sample color configuration
)
Package xcolor Info: Driver file: pdftex.def on input line 227.

(/usr/share/texlive/texmf-dist/tex/latex/graphics/mathcolor.ltx)
Package xcolor Info: Model `cmy' substituted by `cmy0' on input line 1353.
Package xcolor Info: Model `hsb' substituted by `rgb' on input line 1357.
Package xcolor Info: Model `RGB' extended on input line 1369.
Package xcolor Info: Model `HTML' substituted by `rgb' on input line 1371.
Package xcolor Info: Model `Hsb' substituted by `hsb' on input line 1372.
Package xcolor Info: Model `tHsb' substituted by `hsb' on input line 1373.
Package xcolor Info: Model `HSB' substituted by `hsb' on input line 1374.
Package xcolor Info: Model `Gray' substituted by `gray' on input line 1375.
Package xcolor Info: Model `wave' substituted by `hsb' on input line 1376.
)
(/usr/share/texlive/texmf-dist/tex/latex/l3backend/l3backend-pdftex.def
File: l3backend-pdftex.def 2023-01-16 L3 backend support: PDF output (pdfTeX)
\l__color_backend_stack_int=\count269
\l__pdf_internal_box=\box53
)

LaTeX Warning: Unused global option(s):
    [a4wide].

(./anagrams.aux (./theAnagrams.aux))
\openout1 = `anagrams.aux'.

LaTeX Font Info:    Checking defaults for OML/cmm/m/it on input line 7.
LaTeX Font Info:    ... okay on input line 7.
LaTeX Font Info:    Checking defaults for OMS/cmsy/m/n on input line 7.
LaTeX Font Info:    ... okay on input line 7.
LaTeX Font Info:    Checking defaults for OT1/cmr/m/n on input line 7.
LaTeX Font Info:    ... okay on input line 7.
LaTeX Font Info:    Checking defaults for T1/cmr/m/n on input line 7.
LaTeX Font Info:    ... okay on input line 7.
LaTeX Font Info:    Checking defaults for TS1/cmr/m/n on input line 7.
LaTeX Font Info:    ... okay on input line 7.
LaTeX Font Info:    Checking defaults for OMX/cmex/m/n on input line 7.
LaTeX Font Info:    ... okay on input line 7.
LaTeX Font Info:    Checking defaults for U/cmr/m/n on input line 7.
LaTeX Font Info:    ... okay on input line 7.

(/usr/share/texlive/texmf-dist/tex/context/base/mkii/supp-pdf.mkii
[Loading MPS to PDF converter (version 2006.09.02).]
\scratchcounter=\count270
\scratchdimen=\dimen145
\scratchbox=\box54
\nofMPsegments=\count271
\nofMParguments=\count272
\everyMPshowfont=\toks19
\MPscratchCnt=\count273
\MPscratchDim=\dimen146
\MPnumerator=\count274
\makeMPintoPDFobject=\count275
\everyMPtoPDFconversion=\toks20
) (/usr/share/texlive/texmf-dist/tex/latex/epstopdf-pkg/epstopdf-base.sty
Package: epstopdf-base 2020-01-24 v2.11 Base part for package epstopdf
Package epstopdf-base Info: Redefining graphics rule for `.eps' on input line 4
85.

(/usr/share/texlive/texmf-dist/tex/latex/latexconfig/epstopdf-sys.cfg
File: epstopdf-sys.cfg 2010/07/13 v1.3 Configuration of (r)epstopdf for TeX Liv
e
))
\c@lstlisting=\count276
LaTeX Font Info:    Trying to load font information for OT1+ptm on input line 2
4.

(/usr/share/texlive/texmf-dist/tex/latex/psnfss/ot1ptm.fd
File: ot1ptm.fd 2001/06/04 font definitions for OT1/ptm.
)
LaTeX Font Info:    Trying to load font information for U+lasy on input line 24
.

(/usr/share/texlive/texmf-dist/tex/latex/base/ulasy.fd
File: ulasy.fd 1998/08/17 v2.2e LaTeX symbol font definitions
)
LaTeX Font Info:    Trying to load font information for U+msa on input line 24.


(/usr/share/texlive/texmf-dist/tex/latex/amsfonts/umsa.fd
File: umsa.fd 2013/01/14 v3.01 AMS symbols A
)
LaTeX Font Info:    Trying to load font information for U+msb on input line 24.


(/usr/share/texlive/texmf-dist/tex/latex/amsfonts/umsb.fd
File: umsb.fd 2013/01/14 v3.01 AMS symbols B
) [1

{/var/lib/texmf/fonts/map/pdftex/updmap/pdftex.map}{/usr/share/texlive/texmf-di
st/fonts/enc/dvips/base/8r.enc}]
Underfull \hbox (badness 10000) in paragraph at lines 26--27

 []

[1{/usr/share/texlive/texmf-dist/fonts/enc/dvips/cm-super/cm-super-ts1.enc}]
[1] [0]
\openout2 = `theAnagrams.aux'.

 (./theAnagrams.tex)
Overfull \hbox (4.19818pt too wide) in paragraph at lines 1--40
\OT1/cmr/m/n/10.95 Signature: ade-inst - [in-stead, stained, sainted] 
 []


Overfull \hbox (4.07654pt too wide) in paragraph at lines 1--40
\OT1/cmr/m/n/10.95 Signature: adeinrt - [ar-denti, ren-dita, trained] 
 []


Overfull \hbox (15.23941pt too wide) in paragraph at lines 1--40
\OT1/cmr/m/n/10.95 Signature: acdeeil-nrst - [cre-den-tials, cen-tralised] 
 []


Overfull \hbox (6.81401pt too wide) in paragraph at lines 1--40
\OT1/cmr/m/n/10.95 Signature: acemnr - [car-men, cra-men, carnem] 
 []


Overfull \hbox (10.37279pt too wide) in paragraph at lines 1--40
\OT1/cmr/m/n/10.95 Signature: 'adeimmrs - [mer-maid's, mer-maids'] 
 []


Overfull \hbox (1.15654pt too wide) in paragraph at lines 1--40
\OT1/cmr/m/n/10.95 Signature: opst - [post, spot, stop, pots, tops] 
 []


Overfull \hbox (7.84813pt too wide) in paragraph at lines 1--40
\OT1/cmr/m/n/10.95 Signature: ac-ce-himns - [me-chan-ics, mis-chance] 
 []


Overfull \hbox (26.52408pt too wide) in paragraph at lines 1--40
\OT1/cmr/m/n/10.95 Signature: bcekkooopt - [pock-et-book, bookpocket] 
 []


Overfull \hbox (4.1982pt too wide) in paragraph at lines 1--40
\OT1/cmr/m/n/10.95 Signature: aeemn-sttt - [tes-ta-ment, state-ment] 
 []


Overfull \hbox (2.25156pt too wide) in paragraph at lines 1--40
\OT1/cmr/m/n/10.95 Signature: aadee-hhillttttw - [tall-white-hat-ted,
 []


Overfull \hbox (13.99236pt too wide) in paragraph at lines 1--40
\OT1/cmr/m/n/10.95 Signature: acdeilm - [med-i-cal, dec-i-mal, claimed] 
 []


Overfull \hbox (7.63527pt too wide) in paragraph at lines 1--40
\OT1/cmr/m/n/10.95 Signature: aab-d-de-ors - [bread-soda, sodabread] 
 []


Overfull \hbox (6.41862pt too wide) in paragraph at lines 1--40
\OT1/cmr/m/n/10.95 Signature: aegh-inrstt - [shat-ter-ing, straighten] 
 []


Overfull \hbox (6.63153pt too wide) in paragraph at lines 1--40
\OT1/cmr/m/n/10.95 Signature: aaegim-nrr - [mar-garine, marg-erain] 
 []


Overfull \hbox (0.24394pt too wide) in paragraph at lines 1--40
\OT1/cmr/m/n/10.95 Signature: aceht - [teach, hecat, cheat, tache] 
 []


Overfull \hbox (4.25902pt too wide) in paragraph at lines 1--40
\OT1/cmr/m/n/10.95 Signature: adegiln - [lead-ing, deal-ing, aligned] 
 []


Overfull \hbox (0.7915pt too wide) in paragraph at lines 1--40
\OT1/cmr/m/n/10.95 Signature: 'acimn-noops - [com-pan-ions', com-
 []


Overfull \hbox (7.48315pt too wide) in paragraph at lines 1--40
\OT1/cmr/m/n/10.95 Signature: ehjll-nooswy - [yel-lowjohns, johnyel-
 []


Overfull \hbox (0.70024pt too wide) in paragraph at lines 1--40
\OT1/cmr/m/n/10.95 Signature: be-ors - [sober, boers, bores, robes] 
 []


Overfull \hbox (7.8482pt too wide) in paragraph at lines 1--40
\OT1/cmr/m/n/10.95 Signature: deef-mo-prr - [pre-formed, per-formed] 
 []


Overfull \hbox (1.46068pt too wide) in paragraph at lines 1--40
\OT1/cmr/m/n/10.95 Signature: adem - [made, dame, mead, deam] 
 []


Overfull \hbox (1.46068pt too wide) in paragraph at lines 1--40
\OT1/cmr/m/n/10.95 Signature: aemn - [name, mean, mane, amen] 
 []


Overfull \hbox (0.24403pt too wide) in paragraph at lines 1--40
\OT1/cmr/m/n/10.95 Signature: apst - [past, spat, stap, pats, taps] 
 []


Overfull \hbox (6.2057pt too wide) in paragraph at lines 1--40
\OT1/cmr/m/n/10.95 Signature: dgooooooooooo - [dooooooooooog,
 []


Overfull \hbox (0.97403pt too wide) in paragraph at lines 1--40
\OT1/cmr/m/n/10.95 Signature: acdeinotu - [cau-tioned, ed-u-ca-tion] 
 []


Overfull \hbox (5.84067pt too wide) in paragraph at lines 1--40
\OT1/cmr/m/n/10.95 Signature: adeemmnnt - [man-de-ment, amend-
 []


Overfull \hbox (1.24777pt too wide) in paragraph at lines 1--40
\OT1/cmr/m/n/10.95 Signature: cdei-inorst - [dis-cre-tion, di-rec-tions] 
 []


Overfull \hbox (12.53238pt too wide) in paragraph at lines 1--40
\OT1/cmr/m/n/10.95 Signature: bdel-ll-moooop - [ellpod-bo-mool, moll-
 []


Underfull \hbox (badness 10000) in paragraph at lines 1--40

 []

[1


] [2] [3] [4] [5] [6] [7] [8] [9] [10] [11] [12] [13] [14] [15] [16]
(./anagrams.aux (./theAnagrams.aux)) ) 
Here is how much of TeX's memory you used:
 4102 strings out of 476041
 59241 string characters out of 5793175
 1961388 words of memory out of 6000000
 24528 multiletter control sequences out of 15000+600000
 520423 words of font info for 60 fonts, out of 8000000 for 9000
 1137 hyphenation exceptions out of 8191
 42i,7n,51p,190b,262s stack positions out of 10000i,1000n,20000p,200000b,200000s
</usr/share/texlive/texmf-dist/fonts/type
1/public/amsfonts/cm/cmbx10.pfb></usr/share/texlive/texmf-dist/fonts/type1/publ
ic/amsfonts/cm/cmr10.pfb></usr/share/texlive/texmf-dist/fonts/type1/public/amsf
onts/cm/cmr12.pfb></usr/share/texlive/texmf-dist/fonts/type1/public/amsfonts/cm
/cmr17.pfb></usr/share/texlive/texmf-dist/fonts/type1/public/cm-super/sfrm1095.
pfb></usr/share/texlive/texmf-dist/fonts/type1/urw/times/utmb8a.pfb>
Output written on anagrams.pdf (20 pages, 95643 bytes).
PDF statistics:
 101 PDF objects out of 1000 (max. 8388607)
 66 compressed objects within 1 object stream
 0 named destinations out of 1000 (max. 500000)
 1 words of extra memory for PDF output out of 10000 (max. 10000000)

